 07-07-2013 12:33:44              UNION BANK OF INDIA, DUMMY SOL (DATA CENTER)                                            Page  1

 REP14                                  Account Ledger Print

 Report To          : BM
 Service OutLet Set : 51940    ATM CELL, MUMBAI
 Gl Sub Head Code   :
 Acct Range         : 519408250304000  to  519408250304000
 Open/Closed A/c (O/C) :
 Currency Code      :
 Period             : 25-04-2013 to 30-06-2013
 Account Label Code :


















































 07-07-2013 12:33:44                       UNION BANK OF INDIA DUMMY SOL (DATA CENTER)                                     Page  2

 REP14                              Account Ledger Report from 25-04-2013 to 30-06-2013

 Service OutLet   : 51940
 Account No       : 519408250304000   INR SUSP A/C-RRB TXN-RRB-KGSGB
 Gl Sub Head Code : 82500                 SUSPENSE A/C. - OTHERS
 Opening Balance  :    33,11,400.00Dr
 ------------------------------------------------------------------------------------------------------------------------------------------------------------------------
 Tran       Tran        Ref Num    Particulars                      Transaction           Transaction         Sequence            Balance                Remarks
 Date       Id                                                      Debit Amount          Credit Amount       No.
 ------------------------------------------------------------------------------------------------------------------------------------------------------------------------
                                                                                                       0                         33,11,400.00Dr
 25-04-2013 CAA882667              5040194401010535/OFL1965/            10,000.00                             250304000          33,21,400.00Dr
 25-04-2013 CAA885011              5040191104001852/OFL4153/             8,000.00                             250304000          33,29,400.00Dr
 25-04-2013 CAA885697              5040191125009280/OFL4355/               700.00                             250304000          33,30,100.00Dr
 25-04-2013 S12711315              5040196636003029/OFL5834/               100.00                             250304000          33,30,200.00Dr
 25-04-2013 S12713709              5085106819000102/OFL1220/               500.00                             250304000          33,30,700.00Dr
 25-04-2013 S12714270              5040194401003803/OFL8000/             5,000.00                             250304000          33,35,700.00Dr
 25-04-2013 S12714948              5040193317000085/OFL1200/             5,000.00                             250304000          33,40,700.00Dr
 25-04-2013 S12715455              5040191128000658/OFL3276/             1,000.00                             250304000          33,41,700.00Dr
 25-04-2013 S12715558              5040191128000658/OFL3277/             5,000.00                             250304000          33,46,700.00Dr
 25-04-2013 S12715783              5040191149000786/OFL6087/             5,000.00                             250304000          33,51,700.00Dr
 25-04-2013 S12716112              5040191149000786/OFL6089/             1,000.00                             250304000          33,52,700.00Dr
 25-04-2013 S12716293              5040191139001182/OFL3278/             1,000.00                             250304000          33,53,700.00Dr
 25-04-2013 S12716879              5085108803000916/OFL5245/             1,000.00                             250304000          33,54,700.00Dr
 25-04-2013 S12716949              5040194409000322/OFL8013/             2,000.00                             250304000          33,56,700.00Dr
 25-04-2013 S12717160              5040194406001166/OFL5844/               300.00                             250304000          33,57,000.00Dr
 25-04-2013 S12717913              5040192216000386/OFL2080/               200.00                             250304000          33,57,200.00Dr
 25-04-2013 S12718302              5040196609001737/OFL6441/             5,000.00                             250304000          33,62,200.00Dr
 25-04-2013 S12719631              5040191101003273/OFL3279/             1,000.00                             250304000          33,63,200.00Dr
 25-04-2013 S12719686              5040191117000487/OFL9753/             1,500.00                             250304000          33,64,700.00Dr
 25-04-2013 S12721562              5040196812003405/OFL1226/            10,000.00                             250304000          33,74,700.00Dr
 25-04-2013 S12721706              5040196812003405/OFL1227/             5,000.00                             250304000          33,79,700.00Dr
 25-04-2013 S12722029              5040194408000521/OFL3561/             5,000.00                             250304000          33,84,700.00Dr
 25-04-2013 S12722078              5040194408000521/OFL3561/                                    5,000.00      250304000          33,79,700.00Dr
 25-04-2013 S12722744              5040196806000136/OFL5331/             2,000.00                             250304000          33,81,700.00Dr
 25-04-2013 S12723596              6070126611000451/OFL3878/             4,500.00                             250304000          33,86,200.00Dr
 25-04-2013 S12724381              5040195104001663/OFL6103/             1,000.00                             250304000          33,87,200.00Dr
 25-04-2013 S12724548              5040195104001663/OFL6104/             1,000.00                             250304000          33,88,200.00Dr
 25-04-2013 S12724894              5040191104003478/OFL1212/            23,000.00                             250304000          34,11,200.00Dr
 25-04-2013 S12726188              5040196601023846/OFL4790/             1,000.00                             250304000          34,12,200.00Dr
 25-04-2013 S12727343              5040196616003718/OFL2098/               700.00                             250304000          34,12,900.00Dr
 25-04-2013 S12728190              5040193309001679/OFL9789/               500.00                             250304000          34,13,400.00Dr
 25-04-2013 S12730896              5040196806003510/OFL5348/            10,000.00                             250304000          34,23,400.00Dr
 25-04-2013 S12731954              5040191125004364/OFL6788/             8,000.00                             250304000          34,31,400.00Dr
 25-04-2013 S12738569              5040194414001398/OFL6998/             3,500.00                             250304000          34,34,900.00Dr
 25-04-2013 S12740460              5085104423000089/OFL6330/               100.00                             250304000          34,35,000.00Dr
 25-04-2013 S12743072              5040196613003513/OFL1249/             4,000.00                             250304000          34,39,000.00Dr
 25-04-2013 S12743805              5040194434000255/OFL6822/             4,000.00                             250304000          34,43,000.00Dr
 25-04-2013 S12744853              5040191148005349/OFL6825/            10,000.00                             250304000          34,53,000.00Dr
 25-04-2013 S12747851              5040192217004502/OFL1414/            15,000.00                             250304000          34,68,000.00Dr
 25-04-2013 S12752422              5040196804000740/OFL5258/             7,000.00                             250304000          34,75,000.00Dr
 25-04-2013 S12754581              5040196636014083/OFL6482/               400.00                             250304000          34,75,400.00Dr
 25-04-2013 S12758065              5040196632001688/OFL1100/            15,000.00                             250304000          34,90,400.00Dr
 25-04-2013 S12761025              5040193342002379/OFL1103/            10,000.00                             250304000          35,00,400.00Dr
 25-04-2013 S12761683              5040195511003153/OFL6845/            10,000.00                             250304000          35,10,400.00Dr

 ------------------------------------------------------------------------------------------------------------------------------------------------------------------------
                            Page Total Credit  :                   5,000.00
                            Page Total Debit   :                2,04,000.00


 
 07-07-2013 12:33:44                       UNION BANK OF INDIA DUMMY SOL (DATA CENTER)                                     Page 86

 REP14                              Account Ledger Report from 25-04-2013 to 30-06-2013

 Service OutLet   : 51940
 Account No       : 519408250304000   INR SUSP A/C-RRB TXN-RRB-KGSGB
 Gl Sub Head Code : 82500                 SUSPENSE A/C. - OTHERS
 B/F Balance      :              18,42,100.00Dr
 ------------------------------------------------------------------------------------------------------------------------------------------------------------------------
 Tran       Tran        Ref Num    Particulars                      Transaction           Transaction         Sequence            Balance                Remarks
 Date       Id                                                      Debit Amount          Credit Amount       No.
 ------------------------------------------------------------------------------------------------------------------------------------------------------------------------
 30-06-2013 S81030131              5040193342001462/OFL4903/             1,000.00                             250304000          18,42,100.00Dr
 30-06-2013 S81030197              5040191119000196/OFL4556/             5,000.00                             250304000          18,47,100.00Dr
 30-06-2013 S81030433              5085101108002851/OFL5522/             3,000.00                             250304000          18,50,100.00Dr
 30-06-2013 S81031497              5040196806003148/OFL3226/             1,000.00                             250304000          18,51,100.00Dr
 30-06-2013 S81032483              6070124429000102/OFL6364/             5,000.00                             250304000          18,56,100.00Dr
 30-06-2013 S81032844              5085103317000718/OFL9191/             1,000.00                             250304000          18,57,100.00Dr
 30-06-2013 S81033678              5085103317000718/OFL9192/               500.00                             250304000          18,57,600.00Dr
 30-06-2013 S81034231              5040191136002779/OFL7597/             2,000.00                             250304000          18,59,600.00Dr
 30-06-2013 S81036649              5040196638000924/OFL7083/             1,000.00                             250304000          18,60,600.00Dr
 30-06-2013 S81042315              5040193308003569/OFL8318/               500.00                             250304000          18,61,100.00Dr
 30-06-2013 S81048342              5040195502003444/OFL1374/               500.00                             250304000          18,61,600.00Dr
 30-06-2013 S81052195              5040195103001409/OFL8981/               500.00                             250304000          18,62,100.00Dr
 30-06-2013 S81059811              5040192420003549/OFL7958/             2,000.00                             250304000          18,64,100.00Dr
 30-06-2013 S81063245              5040196812002274/OFL3244/             5,000.00                             250304000          18,69,100.00Dr
 30-06-2013 S81064031              5040194408000562/OFL4921/             1,500.00                             250304000          18,70,600.00Dr
 30-06-2013 S81075315              5040191104004807/OFL3005/             8,000.00                             250304000          18,78,600.00Dr
 30-06-2013 S81076591              5040192202000473/OFL4925/               500.00                             250304000          18,79,100.00Dr
 30-06-2013 S81097484              5040196636015775/OFL4933/               400.00                             250304000          18,79,500.00Dr
 30-06-2013 S81107185              5040193308000094/OFL9228/             2,000.00                             250304000          18,81,500.00Dr
 30-06-2013 S81134981              5040193355001078/OFL5059/            10,000.00                             250304000          18,91,500.00Dr
 30-06-2013 S81137008              5040193355001078/OFL5060/            10,000.00                             250304000          19,01,500.00Dr
 30-06-2013 S81139232              5040191150000089/OFL1423/               500.00                             250304000          19,02,000.00Dr
 30-06-2013 S81140856              5040191130001819/OFL3013/             1,000.00                             250304000          19,03,000.00Dr
 30-06-2013 S81146050              6070124438000168/OFL9891/            10,000.00                             250304000          19,13,000.00Dr
 30-06-2013 S81151159              5040191150000089/OFL1427/             1,000.00                             250304000          19,14,000.00Dr
 30-06-2013 S81157613              5040196636011121/OFL8396/             2,000.00                             250304000          19,16,000.00Dr
 30-06-2013 S81157638              5040191160000376/OFL7983/             5,000.00                             250304000          19,21,000.00Dr
 30-06-2013 S81162011              5040196636027754/OFL8365/               500.00                             250304000          19,21,500.00Dr
 30-06-2013 S81169159              5040196814003155/OFL895/5               500.00                             250304000          19,22,000.00Dr
 30-06-2013 S81179688              5040196613013900/OFL8376/             1,000.00                             250304000          19,23,000.00Dr
 30-06-2013 S81180087              5040196613013900/OFL8377/             1,000.00                             250304000          19,24,000.00Dr
 30-06-2013 S81181542              5040196643002048/OFL4363/               500.00                             250304000          19,24,500.00Dr
 30-06-2013 S81184051              5040196636023845/OFL4955/               500.00                             250304000          19,25,000.00Dr
 30-06-2013 S81185919              5040195522000446/OFL4919/               500.00                             250304000          19,25,500.00Dr
 30-06-2013 S81186270              5040196640012503/OFL5983/               500.00                             250304000          19,26,000.00Dr
 30-06-2013 S81187953              5040192212000034/OFL9917/            25,000.00                             250304000          19,51,000.00Dr
 30-06-2013 S81188390              5040196613016978/OFL8384/             3,500.00                             250304000          19,54,500.00Dr
 30-06-2013 S81188787              5040193354007639/OFL1398/               500.00                             250304000          19,55,000.00Dr

 ------------------------------------------------------------------------------------------------------------------------------------------------------------------------
                            Page Total Credit  :                          0
                            Page Total Debit   :                1,13,900.00

                            Closing Balance    :               19,55,000.00Dr

                            Total Credit       :            29,93,52,700.00


 07-07-2013 12:33:44                       UNION BANK OF INDIA DUMMY SOL (DATA CENTER)                                     Page 87

 REP14                              Account Ledger Report from 25-04-2013 to 30-06-2013

 Service OutLet   : 51940
 Account No       : 519408250304000   INR SUSP A/C-RRB TXN-RRB-KGSGB
 Gl Sub Head Code : 82500                 SUSPENSE A/C. - OTHERS
 B/F Balance      :              19,55,000.00Dr
 ------------------------------------------------------------------------------------------------------------------------------------------------------------------------
 Tran       Tran        Ref Num    Particulars                      Transaction           Transaction         Sequence            Balance                Remarks
 Date       Id                                                      Debit Amount          Credit Amount       No.
 ------------------------------------------------------------------------------------------------------------------------------------------------------------------------
                            Total Debit        :            29,79,96,300.00

                            Signature          :


                                                                                                                   Signature
                                        *************187  pages printed. End of Report*************
