
                                                        UNION BANK OF INDIA
                                                   RATHYATRA CROSSING - VARANASI
                                                 MAHRAJA BAGH, RATHYATRA CROSSING,
                                                58/52-A-2, VARANASI, UTTAR PRADESH,
                                                        PHONE: 2361784,2361785
  TO:                                                                                                             DATE: 08-05-2013
    M/S RRB ATM TRANSACTION ACCOUNT -KGSG BANK VARANASI
    MAHMOORGANJ,VARANASI
    VARANASIMAHMOORGANJ,VARANASI
    VARANASI-221010
    UTTAR PRADESH,INDIA                                         CUST ID : 111073238      EMAIL ID:kgsgbank@sancharnet.in
    Village   : 801235 -Varanasi (M Corp.)

    STATEMENT OF ACCOUNT FOR THE PERIOD FROM 18-04-2013 to 29-04-2013  CABAN-A/C NO: 360601020050007  CD BANKS   (CD BANKS)INR
------------------------------------------------------------------------------------------------------------------------------------
 DATE      PARTICULARS                                             CHQ.NO.      WITHDRAWALS           DEPOSITS            BALANCE
------------------------------------------------------------------------------------------------------------------------------------

22-04-2013 BALANCE TRANSFER FROM :519408250304000:20-04-2013                   62,15,200.00                        4,11,74,096.21Cr
                 MUMBAI,ATM CELL, MUMBAI
22-04-2013 BALANCE TRANSFER FROM :519408250304000:20-04-2013                   62,15,200.00                        3,49,58,896.21Cr
                 MUMBAI,ATM CELL, MUMBAI
22-04-2013 BALANCE TRANSFER FROM :519408250304000                               3,47,900.00                        3,46,10,996.21Cr
                 MUMBAI,ATM CELL, MUMBAI
22-04-2013 BALANCE TRANSFER FROM :519402230170000                                                  1,26,000.00     3,47,36,996.21Cr
                 MUMBAI,ATM CELL, MUMBAI
22-04-2013 BALANCE TRANSFER FROM :519408250304000                               3,48,400.00                        3,43,88,596.21Cr
                 MUMBAI,ATM CELL, MUMBAI
23-04-2013 BALANCE TRANSFER FROM :519402230170000                                                    39,000.00     3,44,27,596.21Cr
                 MUMBAI,ATM CELL, MUMBAI
23-04-2013 BALANCE TRANSFER FROM :519408250304000                              30,23,600.00                        3,14,03,996.21Cr
                 MUMBAI,ATM CELL, MUMBAI
25-04-2013 BALANCE TRANSFER FROM :519402230170000                                                     4,500.00     3,14,08,496.21Cr
                 MUMBAI,ATM CELL, MUMBAI
25-04-2013 BALANCE TRANSFER FROM :519408250304000                              66,80,600.00                        2,47,27,896.21Cr
                 MUMBAI,ATM CELL, MUMBAI
26-04-2013 BY TRF                                                                               2,75,00,000.00     5,22,27,896.21Cr
------------------------------------------------------------------------------------------------------------------------------------
  Cumulative Totals:                                                         3,96,20,800.00     9,18,48,696.21     5,22,27,896.21Cr
------------------------------------------------------------------------------------------------------------------------------------

 00000,powapsvr,KB389980                                                                                                     PAGE: 1


                                                        UNION BANK OF INDIA
    STATEMENT OF ACCOUNT FOR THE PERIOD FROM 18-04-2013 to 29-04-2013   A/C : 360601020050007
------------------------------------------------------------------------------------------------------------------------------------
 DATE      PARTICULARS                                             CHQ.NO.      WITHDRAWALS           DEPOSITS            BALANCE
------------------------------------------------------------------------------------------------------------------------------------


26-04-2013 445860 15-APR-13 5085104413000107                                       2,500.00                        5,22,25,396.21Cr
                 MUMBAI,ATM CELL, MUMBAI
26-04-2013 5333 11.04.135040196804001292                                                             10,000.00     5,22,35,396.21Cr
                 MUMBAI,ATM CELL, MUMBAI
26-04-2013 RRB ISUER TXN 15.4.13 TO 23.4.13                                    84,19,200.00                        4,38,16,196.21Cr
                 MUMBAI,ATM CELL, MUMBAI
26-04-2013 RRB ISUER TXN 15.4.13 TO 23.4.13                                  3,07,23,100.00                        1,30,93,096.21Cr
                 MUMBAI,ATM CELL, MUMBAI
26-04-2013 RRB ISUER TXN 15.4.13 TO 23.4.13                                     6,64,000.00                        1,24,29,096.21Cr
                 MUMBAI,ATM CELL, MUMBAI
26-04-2013 RRB AQUIRER TXN 16.4.13 TO 23.4.13                                                      5,89,500.00     1,30,18,596.21Cr
                 MUMBAI,ATM CELL, MUMBAI
26-04-2013 BALANCE TRANSFER FROM :519408250304000                              41,99,400.00                          88,19,196.21Cr
                 MUMBAI,ATM CELL, MUMBAI
27-04-2013  A4-219/2013                                                                         1,37,00,000.00     2,25,19,196.21Cr
27-04-2013 3952CD5040191150001228                                                                    10,000.00     2,25,29,196.21Cr
                 MUMBAI,ATM CELL, MUMBAI
27-04-2013 BALANCE TRANSFER FROM :519408250304000                              35,95,300.00                        1,89,33,896.21Cr
                 MUMBAI,ATM CELL, MUMBAI
29-04-2013 5352  15.04.2013 5040196613027066 DOOR FAULT                                              10,000.00     1,89,43,896.21Cr
                 MUMBAI,ATM CELL, MUMBAI
29-04-2013 BY TR  A4-233/2013                                                                     36,00,000.00     2,25,43,896.21Cr
29-04-2013 BALANCE TRANSFER FROM :519408250304000                              63,91,600.00                        1,61,52,296.21Cr
                 MUMBAI,ATM CELL, MUMBAI
29-04-2013 BALANCE TRANSFER FROM :519408250304000                              63,96,600.00                          97,55,696.21Cr
                 MUMBAI,ATM CELL, MUMBAI
------------------------------------------------------------------------------------------------------------------------------------
  Cumulative Totals:                                                        10,00,12,500.00    10,97,68,196.21       97,55,696.21Cr
------------------------------------------------------------------------------------------------------------------------------------
The Min. Bal. Requirement in (Metro Br.) For Current Account is Rs 5000

    Unless constituent notifies the bank immediately of any discrepancy found
    by him in his statement of Account,it will be taken that he has found the account correct.

E       FASTEST MODE OF FUNDS REMITTANCE-RTGS (UNION BULLET).F
E       IFSC/MICR code for RATHYATRA CROSSING - VARAis UBIN0536067/221026003F
E       F
E  Contact all India toll Free no. 1800 22 22 44 for your account related queries / servicesF

                                                                                                             Manager











 00000,powapsvr,KB389980                                                                                                     PAGE: 2

